{"contracts/Counter.sol":{"l":{"11":5,"15":2,"16":2,"17":2,"19":2,"21":2,"22":2,"26":2,"27":2,"28":2,"30":1,"32":1,"33":1},"path":"/Users/bywillyoo/Documents/gh/chainshot/final-contracts/contracts/Counter.sol","s":{"1":5,"2":2,"3":2,"4":2,"5":2,"6":2,"7":2,"8":2,"9":2,"10":2,"11":1,"12":1,"13":1},"b":{"1":[2,0],"2":[1,1]},"f":{"1":5,"2":2,"3":2},"fnMap":{"1":{"name":"getCount","line":10,"loc":{"start":{"line":10,"column":4},"end":{"line":12,"column":4}}},"2":{"name":"countUp","line":14,"loc":{"start":{"line":14,"column":4},"end":{"line":23,"column":4}}},"3":{"name":"countDown","line":25,"loc":{"start":{"line":25,"column":4},"end":{"line":34,"column":4}}}},"statementMap":{"1":{"start":{"line":11,"column":8},"end":{"line":11,"column":20}},"2":{"start":{"line":15,"column":8},"end":{"line":15,"column":45}},"3":{"start":{"line":16,"column":8},"end":{"line":16,"column":36}},"4":{"start":{"line":17,"column":8},"end":{"line":17,"column":52}},"5":{"start":{"line":19,"column":8},"end":{"line":19,"column":23}},"6":{"start":{"line":21,"column":8},"end":{"line":21,"column":29}},"7":{"start":{"line":22,"column":8},"end":{"line":22,"column":20}},"8":{"start":{"line":26,"column":8},"end":{"line":26,"column":47}},"9":{"start":{"line":27,"column":8},"end":{"line":27,"column":36}},"10":{"start":{"line":28,"column":8},"end":{"line":28,"column":53}},"11":{"start":{"line":30,"column":8},"end":{"line":30,"column":23}},"12":{"start":{"line":32,"column":8},"end":{"line":32,"column":29}},"13":{"start":{"line":33,"column":8},"end":{"line":33,"column":20}}},"branchMap":{"1":{"line":17,"type":"if","locations":[{"start":{"line":17,"column":8},"end":{"line":17,"column":8}},{"start":{"line":17,"column":8},"end":{"line":17,"column":8}}]},"2":{"line":28,"type":"if","locations":[{"start":{"line":28,"column":8},"end":{"line":28,"column":8}},{"start":{"line":28,"column":8},"end":{"line":28,"column":8}}]}}},"contracts/interfaces/IMerkleDistributor.sol":{"l":{},"path":"/Users/bywillyoo/Documents/gh/chainshot/final-contracts/contracts/interfaces/IMerkleDistributor.sol","s":{},"b":{},"f":{},"fnMap":{},"statementMap":{},"branchMap":{}},"contracts/MerkleDistibutor.sol":{"l":{"16":0,"17":0,"21":0,"22":0,"23":0,"24":0,"25":0,"29":0,"30":0,"31":0,"35":0,"38":0,"39":0,"42":0,"43":0,"45":0},"path":"/Users/bywillyoo/Documents/gh/chainshot/final-contracts/contracts/MerkleDistibutor.sol","s":{"1":0,"2":0,"3":0,"4":0,"5":0,"6":0,"7":0,"8":0,"9":0,"10":0,"11":0,"12":0,"13":0,"14":0,"15":0,"16":0},"b":{"1":[0,0],"2":[0,0],"3":[0,0]},"f":{"1":0,"2":0,"3":0,"4":0},"fnMap":{"1":{"name":"constructor","line":15,"loc":{"start":{"line":15,"column":4},"end":{"line":18,"column":4}}},"2":{"name":"isClaimed","line":20,"loc":{"start":{"line":20,"column":4},"end":{"line":26,"column":4}}},"3":{"name":"_setClaimed","line":28,"loc":{"start":{"line":28,"column":4},"end":{"line":32,"column":4}}},"4":{"name":"claim","line":34,"loc":{"start":{"line":34,"column":4},"end":{"line":46,"column":4}}}},"statementMap":{"1":{"start":{"line":16,"column":8},"end":{"line":16,"column":21}},"2":{"start":{"line":17,"column":8},"end":{"line":17,"column":31}},"3":{"start":{"line":21,"column":8},"end":{"line":21,"column":46}},"4":{"start":{"line":22,"column":8},"end":{"line":22,"column":45}},"5":{"start":{"line":23,"column":8},"end":{"line":23,"column":61}},"6":{"start":{"line":24,"column":8},"end":{"line":24,"column":45}},"7":{"start":{"line":25,"column":8},"end":{"line":25,"column":41}},"8":{"start":{"line":29,"column":8},"end":{"line":29,"column":46}},"9":{"start":{"line":30,"column":8},"end":{"line":30,"column":45}},"10":{"start":{"line":31,"column":8},"end":{"line":31,"column":97}},"11":{"start":{"line":35,"column":8},"end":{"line":35,"column":77}},"12":{"start":{"line":38,"column":8},"end":{"line":38,"column":74}},"13":{"start":{"line":39,"column":8},"end":{"line":39,"column":102}},"14":{"start":{"line":42,"column":8},"end":{"line":42,"column":25}},"15":{"start":{"line":43,"column":8},"end":{"line":43,"column":94}},"16":{"start":{"line":45,"column":8},"end":{"line":45,"column":44}}},"branchMap":{"1":{"line":35,"type":"if","locations":[{"start":{"line":35,"column":8},"end":{"line":35,"column":8}},{"start":{"line":35,"column":8},"end":{"line":35,"column":8}}]},"2":{"line":39,"type":"if","locations":[{"start":{"line":39,"column":8},"end":{"line":39,"column":8}},{"start":{"line":39,"column":8},"end":{"line":39,"column":8}}]},"3":{"line":43,"type":"if","locations":[{"start":{"line":43,"column":8},"end":{"line":43,"column":8}},{"start":{"line":43,"column":8},"end":{"line":43,"column":8}}]}}}}